  OpenCVApplication.cpp
D:\Faculta\PI\Proiect\Refactored\OpenCVApplication-VS2017_OCV340_basic\OpenCVApplication.cpp(90,14): warning C4305: 'initializing': truncation from 'double' to 'float'
  (compiling source file '/OpenCVApplication.cpp')
  
D:\Faculta\PI\Proiect\Refactored\OpenCVApplication-VS2017_OCV340_basic\OpenCVApplication.cpp(101,14): warning C4244: 'initializing': conversion from 'float' to 'int', possible loss of data
  (compiling source file '/OpenCVApplication.cpp')
  
D:\Faculta\PI\Proiect\Refactored\OpenCVApplication-VS2017_OCV340_basic\OpenCVApplication.cpp(114,24): warning C4244: 'argument': conversion from 'float' to 'int', possible loss of data
  (compiling source file '/OpenCVApplication.cpp')
  
D:\Faculta\PI\Proiect\Refactored\OpenCVApplication-VS2017_OCV340_basic\OpenCVApplication.cpp(121,8): warning C4267: 'initializing': conversion from 'size_t' to 'int', possible loss of data
  (compiling source file '/OpenCVApplication.cpp')
  
D:\Faculta\PI\Proiect\Refactored\OpenCVApplication-VS2017_OCV340_basic\OpenCVApplication.cpp(135,26): warning C4244: '=': conversion from 'float' to '_Tp', possible loss of data
D:\Faculta\PI\Proiect\Refactored\OpenCVApplication-VS2017_OCV340_basic\OpenCVApplication.cpp(135,26): warning C4244:         with
D:\Faculta\PI\Proiect\Refactored\OpenCVApplication-VS2017_OCV340_basic\OpenCVApplication.cpp(135,26): warning C4244:         [
D:\Faculta\PI\Proiect\Refactored\OpenCVApplication-VS2017_OCV340_basic\OpenCVApplication.cpp(135,26): warning C4244:             _Tp=uchar
D:\Faculta\PI\Proiect\Refactored\OpenCVApplication-VS2017_OCV340_basic\OpenCVApplication.cpp(135,26): warning C4244:         ]
  (compiling source file '/OpenCVApplication.cpp')
  
D:\Faculta\PI\Proiect\Refactored\OpenCVApplication-VS2017_OCV340_basic\OpenCVApplication.cpp(146,14): warning C4244: 'initializing': conversion from 'double' to 'float', possible loss of data
  (compiling source file '/OpenCVApplication.cpp')
  
D:\Faculta\PI\Proiect\Refactored\OpenCVApplication-VS2017_OCV340_basic\OpenCVApplication.cpp(150,54): warning C4244: '=': conversion from 'double' to '_Ty', possible loss of data
D:\Faculta\PI\Proiect\Refactored\OpenCVApplication-VS2017_OCV340_basic\OpenCVApplication.cpp(150,54): warning C4244:         with
D:\Faculta\PI\Proiect\Refactored\OpenCVApplication-VS2017_OCV340_basic\OpenCVApplication.cpp(150,54): warning C4244:         [
D:\Faculta\PI\Proiect\Refactored\OpenCVApplication-VS2017_OCV340_basic\OpenCVApplication.cpp(150,54): warning C4244:             _Ty=float
D:\Faculta\PI\Proiect\Refactored\OpenCVApplication-VS2017_OCV340_basic\OpenCVApplication.cpp(150,54): warning C4244:         ]
  (compiling source file '/OpenCVApplication.cpp')
  
D:\Faculta\PI\Proiect\Refactored\OpenCVApplication-VS2017_OCV340_basic\OpenCVApplication.cpp(170,80): warning C4244: '=': conversion from 'double' to '_Tp', possible loss of data
D:\Faculta\PI\Proiect\Refactored\OpenCVApplication-VS2017_OCV340_basic\OpenCVApplication.cpp(170,80): warning C4244:         with
D:\Faculta\PI\Proiect\Refactored\OpenCVApplication-VS2017_OCV340_basic\OpenCVApplication.cpp(170,80): warning C4244:         [
D:\Faculta\PI\Proiect\Refactored\OpenCVApplication-VS2017_OCV340_basic\OpenCVApplication.cpp(170,80): warning C4244:             _Tp=int
D:\Faculta\PI\Proiect\Refactored\OpenCVApplication-VS2017_OCV340_basic\OpenCVApplication.cpp(170,80): warning C4244:         ]
  (compiling source file '/OpenCVApplication.cpp')
  
D:\Faculta\PI\Proiect\Refactored\OpenCVApplication-VS2017_OCV340_basic\OpenCVApplication.cpp(171,80): warning C4244: '=': conversion from 'double' to '_Tp', possible loss of data
D:\Faculta\PI\Proiect\Refactored\OpenCVApplication-VS2017_OCV340_basic\OpenCVApplication.cpp(171,80): warning C4244:         with
D:\Faculta\PI\Proiect\Refactored\OpenCVApplication-VS2017_OCV340_basic\OpenCVApplication.cpp(171,80): warning C4244:         [
D:\Faculta\PI\Proiect\Refactored\OpenCVApplication-VS2017_OCV340_basic\OpenCVApplication.cpp(171,80): warning C4244:             _Tp=int
D:\Faculta\PI\Proiect\Refactored\OpenCVApplication-VS2017_OCV340_basic\OpenCVApplication.cpp(171,80): warning C4244:         ]
  (compiling source file '/OpenCVApplication.cpp')
  
D:\Faculta\PI\Proiect\Refactored\OpenCVApplication-VS2017_OCV340_basic\OpenCVApplication.cpp(214,37): warning C4267: 'argument': conversion from 'size_t' to '_Ty', possible loss of data
D:\Faculta\PI\Proiect\Refactored\OpenCVApplication-VS2017_OCV340_basic\OpenCVApplication.cpp(214,37): warning C4267:         with
D:\Faculta\PI\Proiect\Refactored\OpenCVApplication-VS2017_OCV340_basic\OpenCVApplication.cpp(214,37): warning C4267:         [
D:\Faculta\PI\Proiect\Refactored\OpenCVApplication-VS2017_OCV340_basic\OpenCVApplication.cpp(214,37): warning C4267:             _Ty=int
D:\Faculta\PI\Proiect\Refactored\OpenCVApplication-VS2017_OCV340_basic\OpenCVApplication.cpp(214,37): warning C4267:         ]
  (compiling source file '/OpenCVApplication.cpp')
  
D:\Faculta\PI\Proiect\Refactored\OpenCVApplication-VS2017_OCV340_basic\OpenCVApplication.cpp(257,26): warning C4244: 'argument': conversion from '_Tp' to 'int', possible loss of data
D:\Faculta\PI\Proiect\Refactored\OpenCVApplication-VS2017_OCV340_basic\OpenCVApplication.cpp(257,26): warning C4244:         with
D:\Faculta\PI\Proiect\Refactored\OpenCVApplication-VS2017_OCV340_basic\OpenCVApplication.cpp(257,26): warning C4244:         [
D:\Faculta\PI\Proiect\Refactored\OpenCVApplication-VS2017_OCV340_basic\OpenCVApplication.cpp(257,26): warning C4244:             _Tp=float
D:\Faculta\PI\Proiect\Refactored\OpenCVApplication-VS2017_OCV340_basic\OpenCVApplication.cpp(257,26): warning C4244:         ]
  (compiling source file '/OpenCVApplication.cpp')
  
D:\Faculta\PI\Proiect\Refactored\OpenCVApplication-VS2017_OCV340_basic\OpenCVApplication.cpp(257,21): warning C4244: 'argument': conversion from '_Tp' to 'int', possible loss of data
D:\Faculta\PI\Proiect\Refactored\OpenCVApplication-VS2017_OCV340_basic\OpenCVApplication.cpp(257,21): warning C4244:         with
D:\Faculta\PI\Proiect\Refactored\OpenCVApplication-VS2017_OCV340_basic\OpenCVApplication.cpp(257,21): warning C4244:         [
D:\Faculta\PI\Proiect\Refactored\OpenCVApplication-VS2017_OCV340_basic\OpenCVApplication.cpp(257,21): warning C4244:             _Tp=float
D:\Faculta\PI\Proiect\Refactored\OpenCVApplication-VS2017_OCV340_basic\OpenCVApplication.cpp(257,21): warning C4244:         ]
  (compiling source file '/OpenCVApplication.cpp')
  
D:\Faculta\PI\Proiect\Refactored\OpenCVApplication-VS2017_OCV340_basic\OpenCVApplication.cpp(277,33): warning C4244: 'argument': conversion from 'double' to '_Tp', possible loss of data
D:\Faculta\PI\Proiect\Refactored\OpenCVApplication-VS2017_OCV340_basic\OpenCVApplication.cpp(277,33): warning C4244:         with
D:\Faculta\PI\Proiect\Refactored\OpenCVApplication-VS2017_OCV340_basic\OpenCVApplication.cpp(277,33): warning C4244:         [
D:\Faculta\PI\Proiect\Refactored\OpenCVApplication-VS2017_OCV340_basic\OpenCVApplication.cpp(277,33): warning C4244:             _Tp=float
D:\Faculta\PI\Proiect\Refactored\OpenCVApplication-VS2017_OCV340_basic\OpenCVApplication.cpp(277,33): warning C4244:         ]
  (compiling source file '/OpenCVApplication.cpp')
  
D:\Faculta\PI\Proiect\Refactored\OpenCVApplication-VS2017_OCV340_basic\OpenCVApplication.cpp(278,30): warning C4244: 'argument': conversion from 'double' to '_Tp', possible loss of data
D:\Faculta\PI\Proiect\Refactored\OpenCVApplication-VS2017_OCV340_basic\OpenCVApplication.cpp(278,30): warning C4244:         with
D:\Faculta\PI\Proiect\Refactored\OpenCVApplication-VS2017_OCV340_basic\OpenCVApplication.cpp(278,30): warning C4244:         [
D:\Faculta\PI\Proiect\Refactored\OpenCVApplication-VS2017_OCV340_basic\OpenCVApplication.cpp(278,30): warning C4244:             _Tp=float
D:\Faculta\PI\Proiect\Refactored\OpenCVApplication-VS2017_OCV340_basic\OpenCVApplication.cpp(278,30): warning C4244:         ]
  (compiling source file '/OpenCVApplication.cpp')
  
D:\Faculta\PI\Proiect\Refactored\OpenCVApplication-VS2017_OCV340_basic\OpenCVApplication.cpp(279,45): warning C4244: 'argument': conversion from 'double' to '_Tp', possible loss of data
D:\Faculta\PI\Proiect\Refactored\OpenCVApplication-VS2017_OCV340_basic\OpenCVApplication.cpp(279,45): warning C4244:         with
D:\Faculta\PI\Proiect\Refactored\OpenCVApplication-VS2017_OCV340_basic\OpenCVApplication.cpp(279,45): warning C4244:         [
D:\Faculta\PI\Proiect\Refactored\OpenCVApplication-VS2017_OCV340_basic\OpenCVApplication.cpp(279,45): warning C4244:             _Tp=float
D:\Faculta\PI\Proiect\Refactored\OpenCVApplication-VS2017_OCV340_basic\OpenCVApplication.cpp(279,45): warning C4244:         ]
  (compiling source file '/OpenCVApplication.cpp')
  
D:\Faculta\PI\Proiect\Refactored\OpenCVApplication-VS2017_OCV340_basic\OpenCVApplication.cpp(279,30): warning C4244: 'argument': conversion from 'double' to '_Tp', possible loss of data
D:\Faculta\PI\Proiect\Refactored\OpenCVApplication-VS2017_OCV340_basic\OpenCVApplication.cpp(279,30): warning C4244:         with
D:\Faculta\PI\Proiect\Refactored\OpenCVApplication-VS2017_OCV340_basic\OpenCVApplication.cpp(279,30): warning C4244:         [
D:\Faculta\PI\Proiect\Refactored\OpenCVApplication-VS2017_OCV340_basic\OpenCVApplication.cpp(279,30): warning C4244:             _Tp=float
D:\Faculta\PI\Proiect\Refactored\OpenCVApplication-VS2017_OCV340_basic\OpenCVApplication.cpp(279,30): warning C4244:         ]
  (compiling source file '/OpenCVApplication.cpp')
  
D:\Faculta\PI\Proiect\Refactored\OpenCVApplication-VS2017_OCV340_basic\OpenCVApplication.cpp(284,62): warning C4244: 'argument': conversion from 'double' to '_Tp', possible loss of data
D:\Faculta\PI\Proiect\Refactored\OpenCVApplication-VS2017_OCV340_basic\OpenCVApplication.cpp(284,62): warning C4244:         with
D:\Faculta\PI\Proiect\Refactored\OpenCVApplication-VS2017_OCV340_basic\OpenCVApplication.cpp(284,62): warning C4244:         [
D:\Faculta\PI\Proiect\Refactored\OpenCVApplication-VS2017_OCV340_basic\OpenCVApplication.cpp(284,62): warning C4244:             _Tp=int
D:\Faculta\PI\Proiect\Refactored\OpenCVApplication-VS2017_OCV340_basic\OpenCVApplication.cpp(284,62): warning C4244:         ]
  (compiling source file '/OpenCVApplication.cpp')
  
D:\Faculta\PI\Proiect\Refactored\OpenCVApplication-VS2017_OCV340_basic\OpenCVApplication.cpp(284,47): warning C4244: 'argument': conversion from 'double' to '_Tp', possible loss of data
D:\Faculta\PI\Proiect\Refactored\OpenCVApplication-VS2017_OCV340_basic\OpenCVApplication.cpp(284,47): warning C4244:         with
D:\Faculta\PI\Proiect\Refactored\OpenCVApplication-VS2017_OCV340_basic\OpenCVApplication.cpp(284,47): warning C4244:         [
D:\Faculta\PI\Proiect\Refactored\OpenCVApplication-VS2017_OCV340_basic\OpenCVApplication.cpp(284,47): warning C4244:             _Tp=int
D:\Faculta\PI\Proiect\Refactored\OpenCVApplication-VS2017_OCV340_basic\OpenCVApplication.cpp(284,47): warning C4244:         ]
  (compiling source file '/OpenCVApplication.cpp')
  
D:\Faculta\PI\Proiect\Refactored\OpenCVApplication-VS2017_OCV340_basic\OpenCVApplication.cpp(309,61): warning C4244: 'argument': conversion from 'double' to '_Tp', possible loss of data
D:\Faculta\PI\Proiect\Refactored\OpenCVApplication-VS2017_OCV340_basic\OpenCVApplication.cpp(309,61): warning C4244:         with
D:\Faculta\PI\Proiect\Refactored\OpenCVApplication-VS2017_OCV340_basic\OpenCVApplication.cpp(309,61): warning C4244:         [
D:\Faculta\PI\Proiect\Refactored\OpenCVApplication-VS2017_OCV340_basic\OpenCVApplication.cpp(309,61): warning C4244:             _Tp=int
D:\Faculta\PI\Proiect\Refactored\OpenCVApplication-VS2017_OCV340_basic\OpenCVApplication.cpp(309,61): warning C4244:         ]
  (compiling source file '/OpenCVApplication.cpp')
  
D:\Faculta\PI\Proiect\Refactored\OpenCVApplication-VS2017_OCV340_basic\OpenCVApplication.cpp(309,44): warning C4244: 'argument': conversion from 'double' to '_Tp', possible loss of data
D:\Faculta\PI\Proiect\Refactored\OpenCVApplication-VS2017_OCV340_basic\OpenCVApplication.cpp(309,44): warning C4244:         with
D:\Faculta\PI\Proiect\Refactored\OpenCVApplication-VS2017_OCV340_basic\OpenCVApplication.cpp(309,44): warning C4244:         [
D:\Faculta\PI\Proiect\Refactored\OpenCVApplication-VS2017_OCV340_basic\OpenCVApplication.cpp(309,44): warning C4244:             _Tp=int
D:\Faculta\PI\Proiect\Refactored\OpenCVApplication-VS2017_OCV340_basic\OpenCVApplication.cpp(309,44): warning C4244:         ]
  (compiling source file '/OpenCVApplication.cpp')
  
D:\Faculta\PI\Proiect\Refactored\OpenCVApplication-VS2017_OCV340_basic\OpenCVApplication.cpp(349,37): warning C4267: 'argument': conversion from 'size_t' to 'int', possible loss of data
  (compiling source file '/OpenCVApplication.cpp')
  
D:\Faculta\PI\Proiect\Refactored\OpenCVApplication-VS2017_OCV340_basic\OpenCVApplication.cpp(405,54): warning C4244: 'argument': conversion from 'double' to '_Tp', possible loss of data
D:\Faculta\PI\Proiect\Refactored\OpenCVApplication-VS2017_OCV340_basic\OpenCVApplication.cpp(405,54): warning C4244:         with
D:\Faculta\PI\Proiect\Refactored\OpenCVApplication-VS2017_OCV340_basic\OpenCVApplication.cpp(405,54): warning C4244:         [
D:\Faculta\PI\Proiect\Refactored\OpenCVApplication-VS2017_OCV340_basic\OpenCVApplication.cpp(405,54): warning C4244:             _Tp=int
D:\Faculta\PI\Proiect\Refactored\OpenCVApplication-VS2017_OCV340_basic\OpenCVApplication.cpp(405,54): warning C4244:         ]
  (compiling source file '/OpenCVApplication.cpp')
  
D:\Faculta\PI\Proiect\Refactored\OpenCVApplication-VS2017_OCV340_basic\OpenCVApplication.cpp(405,39): warning C4244: 'argument': conversion from 'double' to '_Tp', possible loss of data
D:\Faculta\PI\Proiect\Refactored\OpenCVApplication-VS2017_OCV340_basic\OpenCVApplication.cpp(405,39): warning C4244:         with
D:\Faculta\PI\Proiect\Refactored\OpenCVApplication-VS2017_OCV340_basic\OpenCVApplication.cpp(405,39): warning C4244:         [
D:\Faculta\PI\Proiect\Refactored\OpenCVApplication-VS2017_OCV340_basic\OpenCVApplication.cpp(405,39): warning C4244:             _Tp=int
D:\Faculta\PI\Proiect\Refactored\OpenCVApplication-VS2017_OCV340_basic\OpenCVApplication.cpp(405,39): warning C4244:         ]
  (compiling source file '/OpenCVApplication.cpp')
  
D:\Faculta\PI\Proiect\Refactored\OpenCVApplication-VS2017_OCV340_basic\OpenCVApplication.cpp(429,41): warning C4244: 'argument': conversion from 'double' to '_Tp', possible loss of data
D:\Faculta\PI\Proiect\Refactored\OpenCVApplication-VS2017_OCV340_basic\OpenCVApplication.cpp(429,41): warning C4244:         with
D:\Faculta\PI\Proiect\Refactored\OpenCVApplication-VS2017_OCV340_basic\OpenCVApplication.cpp(429,41): warning C4244:         [
D:\Faculta\PI\Proiect\Refactored\OpenCVApplication-VS2017_OCV340_basic\OpenCVApplication.cpp(429,41): warning C4244:             _Tp=int
D:\Faculta\PI\Proiect\Refactored\OpenCVApplication-VS2017_OCV340_basic\OpenCVApplication.cpp(429,41): warning C4244:         ]
  (compiling source file '/OpenCVApplication.cpp')
  
D:\Faculta\PI\Proiect\Refactored\OpenCVApplication-VS2017_OCV340_basic\OpenCVApplication.cpp(429,26): warning C4244: 'argument': conversion from 'double' to '_Tp', possible loss of data
D:\Faculta\PI\Proiect\Refactored\OpenCVApplication-VS2017_OCV340_basic\OpenCVApplication.cpp(429,26): warning C4244:         with
D:\Faculta\PI\Proiect\Refactored\OpenCVApplication-VS2017_OCV340_basic\OpenCVApplication.cpp(429,26): warning C4244:         [
D:\Faculta\PI\Proiect\Refactored\OpenCVApplication-VS2017_OCV340_basic\OpenCVApplication.cpp(429,26): warning C4244:             _Tp=int
D:\Faculta\PI\Proiect\Refactored\OpenCVApplication-VS2017_OCV340_basic\OpenCVApplication.cpp(429,26): warning C4244:         ]
  (compiling source file '/OpenCVApplication.cpp')
  
  Generating code
  1 of 836 functions ( 0.1%) were compiled, the rest were copied from previous compilation.
    0 functions were new in current compilation
    16 functions had inline decision re-evaluated but remain unchanged
  Finished generating code
  OpenCVApplication.vcxproj -> D:\Faculta\PI\Proiect\Refactored\OpenCVApplication-VS2017_OCV340_basic\x64\Release\OpenCVApplication.exe
  OpenCV\dll\Release\opencv_ffmpeg340_64.dll
  OpenCV\dll\Release\opencv_world340.dll
          2 file(s) copied.
